<?xml version="1.0" encoding="UTF-8"?>
<!-- Generated by org.testng.reporters.JUnitReportReporter -->
<testsuite skipped="0" hostname="DESKTOP-320Q1I8" name="com.sample.test.demo.tests.OrderPost" tests="1" failures="0" timestamp="18 Nov 2019 05:14:45 GMT" time="2.923" errors="0">
  <testcase name="orderPost" time="2.923" classname="com.sample.test.demo.tests.OrderPost"/>
</testsuite> <!-- com.sample.test.demo.tests.OrderPost -->
