<?xml version="1.0" encoding="UTF-8"?>
<!-- Generated by org.testng.reporters.JUnitReportReporter -->
<testsuite skipped="0" hostname="DESKTOP-320Q1I8" name="com.sample.test.demo.tests.DemoTest" tests="3" failures="0" timestamp="18 Nov 2019 05:03:16 GMT" time="4.628" errors="0">
  <testcase name="orderGet" time="1.080" classname="com.sample.test.demo.tests.DemoTest"/>
  <testcase name="demoTest" time="2.586" classname="com.sample.test.demo.tests.DemoTest"/>
  <testcase name="orderPost" time="0.962" classname="com.sample.test.demo.tests.DemoTest"/>
</testsuite> <!-- com.sample.test.demo.tests.DemoTest -->
